<?xml version="1.0" encoding="UTF-8"?>
<!-- Generated by org.testng.reporters.JUnitXMLReporter -->
<testsuite ignored="0" hostname="DESKTOP-J7SMNVK" failures="1" tests="1" name="Regression1" time="11.693" errors="0" timestamp="17 Apr 2020 01:36:55 GMT">
  <testcase classname="com.edureka.testng.LoginToGmail" name="login" time="0.006">
    <failure type="java.lang.Error" message="Unresolved compilation problems: 
	actual cannot be resolved to a variable
	expected cannot be resolved to a variable
	actual cannot be resolved to a variable
	expected cannot be resolved to a variable
">
      <![CDATA[java.lang.Error: Unresolved compilation problems: 
actual cannot be resolved to a variable
expected cannot be resolved to a variable
actual cannot be resolved to a variable
expected cannot be resolved to a variable

at com.edureka.testng.LoginToGmail.login(LoginToGmail.java:28)
... Removed 25 stack frames]]>
    </failure>
  </testcase> <!-- login -->
</testsuite> <!-- Regression1 -->
