<?xml version="1.0" encoding="UTF-8"?>
<!-- Generated by org.testng.reporters.JUnitXMLReporter -->
<testsuite ignored="0" hostname="DESKTOP-J7SMNVK" failures="0" tests="3" name="Regression" time="0.032" errors="0" timestamp="15 Apr 2020 21:06:13 GMT">
  <testcase classname="com.edureka.testng.UserModuleScripts" name="createUser" time="0.008"/>
  <testcase classname="com.edureka.testng.UserModuleScripts" name="editUser" time="0.001"/>
  <testcase classname="com.edureka.testng.UserModuleScripts" name="deleteUser" time="0.001"/>
</testsuite> <!-- Regression -->
